c:\users\philipp\downloads\vstsdk360_22_11_2013_build_100\vst3 sdk\base\win\win32\debug.base_vc10\base_vc10.pdb
c:\users\philipp\downloads\vstsdk360_22_11_2013_build_100\vst3 sdk\base\win\win32\debug.base_vc10\base_vc10.idb
c:\users\philipp\downloads\vstsdk360_22_11_2013_build_100\vst3 sdk\base\win\win32\debug.base_vc10\objects\updatehandler.obj
c:\users\philipp\downloads\vstsdk360_22_11_2013_build_100\vst3 sdk\base\win\win32\debug.base_vc10\objects\timer.obj
c:\users\philipp\downloads\vstsdk360_22_11_2013_build_100\vst3 sdk\base\win\win32\debug.base_vc10\objects\istreamwrapper.obj
c:\users\philipp\downloads\vstsdk360_22_11_2013_build_100\vst3 sdk\base\win\win32\debug.base_vc10\objects\fthread.obj
c:\users\philipp\downloads\vstsdk360_22_11_2013_build_100\vst3 sdk\base\win\win32\debug.base_vc10\objects\fstring.obj
c:\users\philipp\downloads\vstsdk360_22_11_2013_build_100\vst3 sdk\base\win\win32\debug.base_vc10\objects\fstreamer.obj
c:\users\philipp\downloads\vstsdk360_22_11_2013_build_100\vst3 sdk\base\win\win32\debug.base_vc10\objects\frect.obj
c:\users\philipp\downloads\vstsdk360_22_11_2013_build_100\vst3 sdk\base\win\win32\debug.base_vc10\objects\fpoint.obj
c:\users\philipp\downloads\vstsdk360_22_11_2013_build_100\vst3 sdk\base\win\win32\debug.base_vc10\objects\fobject.obj
c:\users\philipp\downloads\vstsdk360_22_11_2013_build_100\vst3 sdk\base\win\win32\debug.base_vc10\objects\fmemory.obj
c:\users\philipp\downloads\vstsdk360_22_11_2013_build_100\vst3 sdk\base\win\win32\debug.base_vc10\objects\finitializer.obj
c:\users\philipp\downloads\vstsdk360_22_11_2013_build_100\vst3 sdk\base\win\win32\debug.base_vc10\objects\fdynlib.obj
c:\users\philipp\downloads\vstsdk360_22_11_2013_build_100\vst3 sdk\base\win\win32\debug.base_vc10\objects\fdebug.obj
c:\users\philipp\downloads\vstsdk360_22_11_2013_build_100\vst3 sdk\base\win\win32\debug.base_vc10\objects\fcriticalperformance.obj
c:\users\philipp\downloads\vstsdk360_22_11_2013_build_100\vst3 sdk\base\win\win32\debug.base_vc10\objects\fcpu.obj
c:\users\philipp\downloads\vstsdk360_22_11_2013_build_100\vst3 sdk\base\win\win32\debug.base_vc10\objects\fbuffer.obj
c:\users\philipp\downloads\vstsdk360_22_11_2013_build_100\vst3 sdk\base\win\win32\debug.base_vc10\objects\fbitset.obj
c:\users\philipp\downloads\vstsdk360_22_11_2013_build_100\vst3 sdk\base\win\win32\debug.base_vc10\objects\fatomic.obj
c:\users\philipp\downloads\vstsdk360_22_11_2013_build_100\vst3 sdk\base\win\win32\debug.base_vc10\objects\classfactory.obj
c:\users\philipp\downloads\vstsdk360_22_11_2013_build_100\vst3 sdk\base\win\win32\debug.base_vc10\objects\baseiids.obj
c:\users\philipp\downloads\vstsdk360_22_11_2013_build_100\vst3 sdk\base\win\win32\debug.base_vc10\objects\funknown.obj
c:\users\philipp\downloads\vstsdk360_22_11_2013_build_100\vst3 sdk\base\win\win32\debug.base_vc10\objects\conststringtable.obj
c:\users\philipp\downloads\vstsdk360_22_11_2013_build_100\vst3 sdk\base\win\win32\debug.base_vc10\base_vc10.lib
c:\users\philipp\downloads\vstsdk360_22_11_2013_build_100\vst3 sdk\base\win\win32\debug.base_vc10\base_vc10.tlog\cl.command.1.tlog
c:\users\philipp\downloads\vstsdk360_22_11_2013_build_100\vst3 sdk\base\win\win32\debug.base_vc10\base_vc10.tlog\cl.read.1.tlog
c:\users\philipp\downloads\vstsdk360_22_11_2013_build_100\vst3 sdk\base\win\win32\debug.base_vc10\base_vc10.tlog\cl.write.1.tlog
c:\users\philipp\downloads\vstsdk360_22_11_2013_build_100\vst3 sdk\base\win\win32\debug.base_vc10\base_vc10.tlog\lib-link.read.1.tlog
c:\users\philipp\downloads\vstsdk360_22_11_2013_build_100\vst3 sdk\base\win\win32\debug.base_vc10\base_vc10.tlog\lib-link.write.1.tlog
c:\users\philipp\downloads\vstsdk360_22_11_2013_build_100\vst3 sdk\base\win\win32\debug.base_vc10\base_vc10.tlog\lib.command.1.tlog
